\BOOKMARK [0][-]{init.0}{Front Page}{}% 1
\BOOKMARK [0][-]{contents.0}{Table of Contents}{}% 2
\BOOKMARK [0][-]{figures.0}{List of Figures}{}% 3
\BOOKMARK [0][-]{chapter.1}{1 Introduction}{}% 4
\BOOKMARK [1][-]{section.1.1}{1.1 Context}{chapter.1}% 5
\BOOKMARK [1][-]{section.1.2}{1.2 Motivation and Goal}{chapter.1}% 6
\BOOKMARK [1][-]{section.1.3}{1.3 Structure of the Report}{chapter.1}% 7
\BOOKMARK [0][-]{chapter.2}{2 Achieving the Highest Processing Power}{}% 8
\BOOKMARK [1][-]{section.2.1}{2.1 Introduction}{chapter.2}% 9
\BOOKMARK [1][-]{section.2.2}{2.2 Using Computers' Heterogeneous Components}{chapter.2}% 10
\BOOKMARK [2][-]{subsection.2.2.1}{2.2.1 OpenCL}{section.2.2}% 11
\BOOKMARK [2][-]{subsection.2.2.2}{2.2.2 StarPU}{section.2.2}% 12
\BOOKMARK [2][-]{subsection.2.2.3}{2.2.3 Twin Peaks}{section.2.2}% 13
\BOOKMARK [1][-]{section.2.3}{2.3 Using Code Parallelization}{chapter.2}% 14
\BOOKMARK [2][-]{subsection.2.3.1}{2.3.1 OpenMP}{section.2.3}% 15
\BOOKMARK [2][-]{subsection.2.3.2}{2.3.2 Kremlin}{section.2.3}% 16
\BOOKMARK [2][-]{subsection.2.3.3}{2.3.3 Kismet}{section.2.3}% 17
\BOOKMARK [1][-]{section.2.4}{2.4 Overview}{chapter.2}% 18
\BOOKMARK [0][-]{chapter.3}{3 Matrix Multiplication}{}% 19
\BOOKMARK [1][-]{section.3.1}{3.1 Introduction}{chapter.3}% 20
\BOOKMARK [1][-]{section.3.2}{3.2 Using Computers' Heterogeneous Components}{chapter.3}% 21
\BOOKMARK [2][-]{subsection.3.2.1}{3.2.1 OpenCL}{section.3.2}% 22
\BOOKMARK [1][-]{section.3.3}{3.3 Overview}{chapter.3}% 23
\BOOKMARK [0][-]{chapter.4}{4 Methodology}{}% 24
\BOOKMARK [1][-]{section.4.1}{4.1 Introduction}{chapter.4}% 25
\BOOKMARK [1][-]{section.4.2}{4.2 Research Method}{chapter.4}% 26
\BOOKMARK [2][-]{subsection.4.2.1}{4.2.1 Deep learn on Kremlin's usage}{section.4.2}% 27
\BOOKMARK [2][-]{subsection.4.2.2}{4.2.2 Kremlin's application in specific code samples}{section.4.2}% 28
\BOOKMARK [2][-]{subsection.4.2.3}{4.2.3 Code parallelization with Kremlin's data}{section.4.2}% 29
\BOOKMARK [2][-]{subsection.4.2.4}{4.2.4 Manually Code parallelization}{section.4.2}% 30
\BOOKMARK [2][-]{subsection.4.2.5}{4.2.5 Results analysis}{section.4.2}% 31
\BOOKMARK [1][-]{section.4.3}{4.3 Data collection from executed experiences}{chapter.4}% 32
\BOOKMARK [1][-]{section.4.4}{4.4 Data analysis method}{chapter.4}% 33
\BOOKMARK [1][-]{section.4.5}{4.5 Data validation}{chapter.4}% 34
\BOOKMARK [1][-]{section.4.6}{4.6 Experimental environment setup}{chapter.4}% 35
\BOOKMARK [0][-]{chapter.5}{5 Resultls and Discussion}{}% 36
\BOOKMARK [1][-]{section.5.1}{5.1 Kremlins reports}{chapter.5}% 37
\BOOKMARK [1][-]{section.5.2}{5.2 Original Vs Manual vs Kremlin}{chapter.5}% 38
\BOOKMARK [0][-]{chapter.6}{6 Conclusion}{}% 39
\BOOKMARK [0][-]{section*.14}{References}{}% 40
\BOOKMARK [0][-]{chapter.7}{7 Appendices}{}% 41
\BOOKMARK [1][-]{section.7.1}{7.1 Developed code}{chapter.7}% 42
\BOOKMARK [2][-]{subsection.7.1.1}{7.1.1 Original Matrix Multiplication \(Mult\)}{section.7.1}% 43
\BOOKMARK [2][-]{subsection.7.1.2}{7.1.2 Original Matrix Multiplication By line \(MutLine\)}{section.7.1}% 44
\BOOKMARK [2][-]{subsection.7.1.3}{7.1.3 Manual Matrix Multiplication \(Mult\)}{section.7.1}% 45
\BOOKMARK [2][-]{subsection.7.1.4}{7.1.4 Manual Matrix Multiplication By line \(MultLine\)}{section.7.1}% 46
\BOOKMARK [2][-]{subsection.7.1.5}{7.1.5 Kremlin Matrix Multiplication \(Mult\)}{section.7.1}% 47
\BOOKMARK [2][-]{subsection.7.1.6}{7.1.6 Kremlin Matrix Multiplication By line \(MultLine\)}{section.7.1}% 48
\BOOKMARK [1][-]{section.7.2}{7.2 Kremlin's Reports}{chapter.7}% 49
\BOOKMARK [2][-]{subsection.7.2.1}{7.2.1 Kremlin report for Matrix Multiplication, Mult version }{section.7.2}% 50
\BOOKMARK [2][-]{subsection.7.2.2}{7.2.2 Kremlin report for Matrix Multiplication, MultLine version }{section.7.2}% 51
